<html>
<head>
<title>TestNG:  Insistute</title>
<link href="../testng.css" rel="stylesheet" type="text/css" />
<link href="../my-testng.css" rel="stylesheet" type="text/css" />

<style type="text/css">
.log { display: none;} 
.stack-trace { display: none;} 
</style>
<script type="text/javascript">
<!--
function flip(e) {
  current = e.style.display;
  if (current == 'block') {
    e.style.display = 'none';
    return 0;
  }
  else {
    e.style.display = 'block';
    return 1;
  }
}

function toggleBox(szDivId, elem, msg1, msg2)
{
  var res = -1;  if (document.getElementById) {
    res = flip(document.getElementById(szDivId));
  }
  else if (document.all) {
    // this is the way old msie versions work
    res = flip(document.all[szDivId]);
  }
  if(elem) {
    if(res == 0) elem.innerHTML = msg1; else elem.innerHTML = msg2;
  }

}

function toggleAllBoxes() {
  if (document.getElementsByTagName) {
    d = document.getElementsByTagName('div');
    for (i = 0; i < d.length; i++) {
      if (d[i].className == 'log') {
        flip(d[i]);
      }
    }
  }
}

// -->
</script>

</head>
<body>
<h2 align='center'>Insistute</h2><table border='1' align="center">
<tr>
<td>Tests passed/Failed/Skipped:</td><td>2/1/0</td>
</tr><tr>
<td>Started on:</td><td>Mon May 20 08:45:21 IST 2024</td>
</tr>
<tr><td>Total time:</td><td>85 seconds (85913 ms)</td>
</tr><tr>
<td>Included groups:</td><td></td>
</tr><tr>
<td>Excluded groups:</td><td></td>
</tr>
</table><p/>
<small><i>(Hover the method name to see the test class name)</i></small><p/>
<table width='100%' border='1' class='invocation-failed'>
<tr><td colspan='4' align='center'><b>FAILED TESTS</b></td></tr>
<tr><td><b>Test method</b></td>
<td width="30%"><b>Exception</b></td>
<td width="10%"><b>Time (seconds)</b></td>
<td><b>Instance</b></td>
</tr>
<tr>
<td title='com.cucumber.TestRunner.InsistuteRunner.runScenario()'><b>runScenario</b><br>Test class: com.cucumber.TestRunner.InsistuteRunner<br>Test method: Runs Cucumber Scenarios<br>Parameters: "Validate the insistute as InActive", "Administrator - Institutions Management."<br/>
<a href="#Output-494893410" onClick='toggleBox("Output-494893410", this, "Show output", "Hide output");'>Show output</a>

<a href="#Output-494893410" onClick="toggleAllBoxes();">Show all outputs</a>
<div class='log' id="Output-494893410">
About to begin executing following method : AbstractTestNGCucumberTests.runScenario<br/>
Completed executing following method : AbstractTestNGCucumberTests.runScenario<br/>
</div>
</td>
<td><div><pre>java.lang.AssertionError: null
	at com.responsiveed.pages.SchoolYearPage.verifyRecord(SchoolYearPage.java:138)
	at com.responsiveed.pages.SchoolYearPage.verifycreateSchoolYear(SchoolYearPage.java:91)
	at com.responsiveed.stepdefination.InstituteStepdef.verifySchoolYearRecord(InstituteStepdef.java:89)
	at ✽.Verify the add school year record &quot;SchoolYearName&quot; &quot;StartDate&quot; &quot;EndDate&quot; &quot;ExtendedDate&quot; &quot;Action2&quot;(file:///E:/ResponcesiveED_Space/AutomationResponsiveED07/src/test/resources/features/Institute.feature:57)
... Removed 2 stack frames</pre></div><a href='#' onClick='toggleBox("stack-trace494893410", this, "Click to show all stack frames", "Click to hide stack frames")'>Click to show all stack frames</a>
<div class='stack-trace' id='stack-trace494893410'><pre>java.lang.AssertionError: null
	at org.testng.Assert.fail(Assert.java:99)
	at org.testng.Assert.fail(Assert.java:106)
	at com.responsiveed.pages.SchoolYearPage.verifyRecord(SchoolYearPage.java:138)
	at com.responsiveed.pages.SchoolYearPage.verifycreateSchoolYear(SchoolYearPage.java:91)
	at com.responsiveed.stepdefination.InstituteStepdef.verifySchoolYearRecord(InstituteStepdef.java:89)
	at ✽.Verify the add school year record &quot;SchoolYearName&quot; &quot;StartDate&quot; &quot;EndDate&quot; &quot;ExtendedDate&quot; &quot;Action2&quot;(file:///E:/ResponcesiveED_Space/AutomationResponsiveED07/src/test/resources/features/Institute.feature:57)
</pre></div></td>
<td>25</td>
<td>com.cucumber.TestRunner.InsistuteRunner@7a6d7e92</td></tr>
</table><p>
<table width='100%' border='1' class='invocation-passed'>
<tr><td colspan='4' align='center'><b>PASSED TESTS</b></td></tr>
<tr><td><b>Test method</b></td>
<td width="30%"><b>Exception</b></td>
<td width="10%"><b>Time (seconds)</b></td>
<td><b>Instance</b></td>
</tr>
<tr>
<td title='com.cucumber.TestRunner.InsistuteRunner.runScenario()'><b>runScenario</b><br>Test class: com.cucumber.TestRunner.InsistuteRunner<br>Test method: Runs Cucumber Scenarios<br>Parameters: "Verify the Filter Criteria in Institutions", "Administrator - Institutions Management."<br/>
<a href="#Output-2034610694" onClick='toggleBox("Output-2034610694", this, "Show output", "Hide output");'>Show output</a>

<a href="#Output-2034610694" onClick="toggleAllBoxes();">Show all outputs</a>
<div class='log' id="Output-2034610694">
About to begin executing following method : AbstractTestNGCucumberTests.runScenario<br/>
Completed executing following method : AbstractTestNGCucumberTests.runScenario<br/>
Test Method resides in com.cucumber.TestRunner.InsistuteRunner<br/>
Test Method had the following parameters : null"Verify the Filter Criteria in Institutions","Administrator - Institutions Management.",<br/>
Test Status: Pass<br/>
</div>
</td>
<td></td>
<td>12</td>
<td>com.cucumber.TestRunner.InsistuteRunner@7a6d7e92</td></tr>
<tr>
<td title='com.cucumber.TestRunner.InsistuteRunner.runScenario()'><b>runScenario</b><br>Test class: com.cucumber.TestRunner.InsistuteRunner<br>Test method: Runs Cucumber Scenarios<br>Parameters: "Validate the insistute as InActive", "Administrator - Institutions Management."<br/>
<a href="#Output-460922314" onClick='toggleBox("Output-460922314", this, "Show output", "Hide output");'>Show output</a>

<a href="#Output-460922314" onClick="toggleAllBoxes();">Show all outputs</a>
<div class='log' id="Output-460922314">
About to begin executing following method : AbstractTestNGCucumberTests.runScenario<br/>
Completed executing following method : AbstractTestNGCucumberTests.runScenario<br/>
Test Method resides in com.cucumber.TestRunner.InsistuteRunner<br/>
Test Method had the following parameters : null"Validate the insistute as InActive","Administrator - Institutions Management.",<br/>
Test Status: Pass<br/>
</div>
</td>
<td></td>
<td>41</td>
<td>com.cucumber.TestRunner.InsistuteRunner@7a6d7e92</td></tr>
</table><p>
</body>
</html>