<!DOCTYPE html>

<html>
  <head>
  <meta charset='utf-8'>
  <title>TestNG reports</title>

    <link type="text/css" href="testng-reports.css" rel="stylesheet" />  
    <script type="text/javascript" src="jquery-1.7.1.min.js"></script>
    <script type="text/javascript" src="testng-reports.js"></script>
    <script type="text/javascript" src="https://www.google.com/jsapi"></script>
    <script type='text/javascript'>
      google.load('visualization', '1', {packages:['table']});
      google.setOnLoadCallback(drawTable);
      var suiteTableInitFunctions = new Array();
      var suiteTableData = new Array();
    </script>
    <!--
      <script type="text/javascript" src="jquery-ui/js/jquery-ui-1.8.16.custom.min.js"></script>
     -->
  </head>

  <body>
    <div class="top-banner-root">
      <span class="top-banner-title-font">Test results</span>
      <br/>
      <span class="top-banner-font-1">1 suite, 2 failed tests</span>
    </div> <!-- top-banner-root -->
    <div class="navigator-root">
      <div class="navigator-suite-header">
        <span>All suites</span>
        <a href="#" title="Collapse/expand all the suites" class="collapse-all-link">
          <img src="collapseall.gif" class="collapse-all-icon">
          </img> <!-- collapse-all-icon -->
        </a> <!-- collapse-all-link -->
      </div> <!-- navigator-suite-header -->
      <div class="suite">
        <div class="rounded-window">
          <div class="suite-header light-rounded-window-top">
            <a href="#" panel-name="suite-ResponsiveED_LMS-SIS_enviroment" class="navigator-link">
              <span class="suite-name border-failed">ResponsiveED_LMS-SIS enviroment</span>
            </a> <!-- navigator-link -->
          </div> <!-- suite-header light-rounded-window-top -->
          <div class="navigator-suite-content">
            <div class="suite-section-title">
              <span>Info</span>
            </div> <!-- suite-section-title -->
            <div class="suite-section-content">
              <ul>
                <li>
                  <a href="#" panel-name="test-xml-ResponsiveED_LMS-SIS_enviroment" class="navigator-link ">
                    <span>E:\ResponcesiveED_Space\AutomationResponsiveED07\testng.xml</span>
                  </a> <!-- navigator-link  -->
                </li>
                <li>
                  <a href="#" panel-name="testlist-ResponsiveED_LMS-SIS_enviroment" class="navigator-link ">
                    <span class="test-stats">1 test</span>
                  </a> <!-- navigator-link  -->
                </li>
                <li>
                  <a href="#" panel-name="group-ResponsiveED_LMS-SIS_enviroment" class="navigator-link ">
                    <span>1 group</span>
                  </a> <!-- navigator-link  -->
                </li>
                <li>
                  <a href="#" panel-name="times-ResponsiveED_LMS-SIS_enviroment" class="navigator-link ">
                    <span>Times</span>
                  </a> <!-- navigator-link  -->
                </li>
                <li>
                  <a href="#" panel-name="reporter-ResponsiveED_LMS-SIS_enviroment" class="navigator-link ">
                    <span>Reporter output</span>
                  </a> <!-- navigator-link  -->
                </li>
                <li>
                  <a href="#" panel-name="ignored-methods-ResponsiveED_LMS-SIS_enviroment" class="navigator-link ">
                    <span>Ignored methods</span>
                  </a> <!-- navigator-link  -->
                </li>
                <li>
                  <a href="#" panel-name="chronological-ResponsiveED_LMS-SIS_enviroment" class="navigator-link ">
                    <span>Chronological view</span>
                  </a> <!-- navigator-link  -->
                </li>
              </ul>
            </div> <!-- suite-section-content -->
            <div class="result-section">
              <div class="suite-section-title">
                <span>Results</span>
              </div> <!-- suite-section-title -->
              <div class="suite-section-content">
                <ul>
                  <li>
                    <span class="method-stats">3 methods, 2 failed,   1 passed</span>
                  </li>
                  <li>
                    <span class="method-list-title failed">Failed methods</span>
                    <span class="show-or-hide-methods failed">
                      <a href="#" panel-name="suite-ResponsiveED_LMS-SIS_enviroment" class="hide-methods failed suite-ResponsiveED_LMS-SIS_enviroment"> (hide)</a> <!-- hide-methods failed suite-ResponsiveED_LMS-SIS_enviroment -->
                      <a href="#" panel-name="suite-ResponsiveED_LMS-SIS_enviroment" class="show-methods failed suite-ResponsiveED_LMS-SIS_enviroment"> (show)</a> <!-- show-methods failed suite-ResponsiveED_LMS-SIS_enviroment -->
                    </span>
                    <div class="method-list-content failed suite-ResponsiveED_LMS-SIS_enviroment">
                      <span>
                        <img src="failed.png" width="3%"/>
                        <a href="#" panel-name="suite-ResponsiveED_LMS-SIS_enviroment" title="com.cucumber.TestRunner.InsistuteRunner" class="method navigator-link" hash-for-method="runScenario(&quot;Validate the insistute as InActive&quot;, &quot;Administrator - Institutions Management.&quot;)">runScenario("Validate the insistute as InActive", "Administrator - Institutions Management.")</a> <!-- method navigator-link -->
                      </span>
                      <br/>
                      <span>
                        <img src="failed.png" width="3%"/>
                        <a href="#" panel-name="suite-ResponsiveED_LMS-SIS_enviroment" title="com.cucumber.TestRunner.InsistuteRunner" class="method navigator-link" hash-for-method="runScenario(&quot;Validate the insistute as InActive&quot;, &quot;Administrator - Institutions Management.&quot;)">runScenario("Validate the insistute as InActive", "Administrator - Institutions Management.")</a> <!-- method navigator-link -->
                      </span>
                      <br/>
                    </div> <!-- method-list-content failed suite-ResponsiveED_LMS-SIS_enviroment -->
                  </li>
                  <li>
                    <span class="method-list-title passed">Passed methods</span>
                    <span class="show-or-hide-methods passed">
                      <a href="#" panel-name="suite-ResponsiveED_LMS-SIS_enviroment" class="hide-methods passed suite-ResponsiveED_LMS-SIS_enviroment"> (hide)</a> <!-- hide-methods passed suite-ResponsiveED_LMS-SIS_enviroment -->
                      <a href="#" panel-name="suite-ResponsiveED_LMS-SIS_enviroment" class="show-methods passed suite-ResponsiveED_LMS-SIS_enviroment"> (show)</a> <!-- show-methods passed suite-ResponsiveED_LMS-SIS_enviroment -->
                    </span>
                    <div class="method-list-content passed suite-ResponsiveED_LMS-SIS_enviroment">
                      <span>
                        <img src="passed.png" width="3%"/>
                        <a href="#" panel-name="suite-ResponsiveED_LMS-SIS_enviroment" title="com.cucumber.TestRunner.InsistuteRunner" class="method navigator-link" hash-for-method="runScenario(&quot;Verify the Filter Criteria in Institutions&quot;, &quot;Administrator - Institutions Management.&quot;)">runScenario("Verify the Filter Criteria in Institutions", "Administrator - Institutions Management.")</a> <!-- method navigator-link -->
                      </span>
                      <br/>
                    </div> <!-- method-list-content passed suite-ResponsiveED_LMS-SIS_enviroment -->
                  </li>
                </ul>
              </div> <!-- suite-section-content -->
            </div> <!-- result-section -->
          </div> <!-- navigator-suite-content -->
        </div> <!-- rounded-window -->
      </div> <!-- suite -->
    </div> <!-- navigator-root -->
    <div class="wrapper">
      <div class="main-panel-root">
        <div panel-name="suite-ResponsiveED_LMS-SIS_enviroment" class="panel ResponsiveED_LMS-SIS_enviroment">
          <div class="suite-ResponsiveED_LMS-SIS_enviroment-class-failed">
            <div class="main-panel-header rounded-window-top">
              <img src="failed.png"/>
              <span class="class-name">com.cucumber.TestRunner.InsistuteRunner</span>
            </div> <!-- main-panel-header rounded-window-top -->
            <div class="main-panel-content rounded-window-bottom">
              <div class="method">
                <div class="method-content">
                  <a name="runScenario(&quot;Validate the insistute as InActive&quot;, &quot;Administrator - Institutions Management.&quot;)">
                  </a> <!-- runScenario("Validate the insistute as InActive", "Administrator - Institutions Management.") -->
                  <span class="method-name">runScenario</span>
                  <span class="parameters">("Validate the insistute as InActive", "Administrator - Institutions Management.")</span>
                  <div class="stack-trace">org.openqa.selenium.ElementClickInterceptedException: element click intercepted: Element &lt;button type=&quot;button&quot; class=&quot;swal2-confirm swal2-styled&quot; aria-label=&quot;&quot; style=&quot;display: inline-block;&quot;&gt;...&lt;/button&gt; is not clickable at point (681, 361). Other element would receive the click: &lt;div class=&quot;swal2-actions&quot; style=&quot;display: flex;&quot;&gt;...&lt;/div&gt;
  (Session info: chrome=124.0.6367.119)
Build info: version: &apos;4.12.1&apos;, revision: &apos;8e34639b11&apos;
System info: os.name: &apos;Windows 10&apos;, os.arch: &apos;amd64&apos;, os.version: &apos;10.0&apos;, java.version: &apos;11.0.21&apos;
Driver info: org.openqa.selenium.chrome.ChromeDriver
Command: [782ec5c14916c3a33f06cf950d77f4d2, clickElement {id=f.53E485F175CDF790C6FA835A46280E7A.d.87A9430163DA78EB311FB43CE3D28791.e.301}]
Capabilities {acceptInsecureCerts: false, browserName: chrome, browserVersion: 124.0.6367.119, chrome: {chromedriverVersion: 124.0.6367.201 (46cf136d27d..., userDataDir: C:\Users\admin\AppData\Loca...}, fedcm:accounts: true, goog:chromeOptions: {debuggerAddress: localhost:56066}, networkConnectionEnabled: false, pageLoadStrategy: normal, platformName: windows, proxy: Proxy(), se:cdp: ws://localhost:56066/devtoo..., se:cdpVersion: 124.0.6367.119, setWindowRect: true, strictFileInteractability: false, timeouts: {implicit: 0, pageLoad: 300000, script: 30000}, unhandledPromptBehavior: dismiss and notify, webauthn:extension:credBlob: true, webauthn:extension:largeBlob: true, webauthn:extension:minPinLength: true, webauthn:extension:prf: true, webauthn:virtualAuthenticators: true}
Element: [[ChromeDriver: chrome on windows (782ec5c14916c3a33f06cf950d77f4d2)] -&gt; xpath: //button[text()=&apos;Ok&apos;]]
Session ID: 782ec5c14916c3a33f06cf950d77f4d2
	at org.openqa.selenium.remote.codec.w3c.W3CHttpResponseCodec.createException(W3CHttpResponseCodec.java:200)
	at org.openqa.selenium.remote.codec.w3c.W3CHttpResponseCodec.decode(W3CHttpResponseCodec.java:133)
	at org.openqa.selenium.remote.codec.w3c.W3CHttpResponseCodec.decode(W3CHttpResponseCodec.java:52)
	at org.openqa.selenium.remote.HttpCommandExecutor.execute(HttpCommandExecutor.java:191)
	at org.openqa.selenium.remote.service.DriverCommandExecutor.invokeExecute(DriverCommandExecutor.java:196)
	at org.openqa.selenium.remote.service.DriverCommandExecutor.execute(DriverCommandExecutor.java:171)
	at org.openqa.selenium.remote.RemoteWebDriver.execute(RemoteWebDriver.java:602)
	at org.openqa.selenium.remote.RemoteWebElement.execute(RemoteWebElement.java:224)
	at org.openqa.selenium.remote.RemoteWebElement.click(RemoteWebElement.java:77)
	at org.openqa.selenium.support.pagefactory.internal.LocatingElementHandler.invoke(LocatingElementHandler.java:51)
	at com.sun.proxy.$Proxy31.click(Unknown Source)
	at com.responsiveed.pages.CommonElements.clickOnConfirmationbutton(CommonElements.java:63)
	at com.responsiveed.stepdefination.CommonSetpdef.clickOnOK(CommonSetpdef.java:25)
	at ✽.Click On OK(file:///E:/ResponcesiveED_Space/AutomationResponsiveED07/src/test/resources/features/Institute.feature:37)
... Removed 7 stack frames
</div> <!-- stack-trace -->
                  <em>
(Runs Cucumber Scenarios)                  </em>
                </div> <!-- method-content -->
              </div> <!-- method -->
              <div class="method">
                <div class="method-content">
                  <a name="runScenario(&quot;Validate the insistute as InActive&quot;, &quot;Administrator - Institutions Management.&quot;)">
                  </a> <!-- runScenario("Validate the insistute as InActive", "Administrator - Institutions Management.") -->
                  <span class="method-name">runScenario</span>
                  <span class="parameters">("Validate the insistute as InActive", "Administrator - Institutions Management.")</span>
                  <div class="stack-trace">org.openqa.selenium.ElementClickInterceptedException: element click intercepted: Element &lt;button _ngcontent-ng-c1168238639=&quot;&quot; mat-flat-button=&quot;&quot; color=&quot;primary&quot; type=&quot;submit&quot; mat-ripple-loader-class-name=&quot;mat-mdc-button-ripple&quot; class=&quot;mdc-button mdc-button--unelevated mat-mdc-unelevated-button mat-primary mat-mdc-button-base&quot;&gt;...&lt;/button&gt; is not clickable at point (1122, 275). Other element would receive the click: &lt;div class=&quot;swal2-container swal2-center swal2-backdrop-show&quot; style=&quot;overflow-y: auto;&quot;&gt;...&lt;/div&gt;
  (Session info: chrome=124.0.6367.119)
Build info: version: &apos;4.12.1&apos;, revision: &apos;8e34639b11&apos;
System info: os.name: &apos;Windows 10&apos;, os.arch: &apos;amd64&apos;, os.version: &apos;10.0&apos;, java.version: &apos;11.0.21&apos;
Driver info: org.openqa.selenium.chrome.ChromeDriver
Command: [782ec5c14916c3a33f06cf950d77f4d2, clickElement {id=f.53E485F175CDF790C6FA835A46280E7A.d.87A9430163DA78EB311FB43CE3D28791.e.283}]
Capabilities {acceptInsecureCerts: false, browserName: chrome, browserVersion: 124.0.6367.119, chrome: {chromedriverVersion: 124.0.6367.201 (46cf136d27d..., userDataDir: C:\Users\admin\AppData\Loca...}, fedcm:accounts: true, goog:chromeOptions: {debuggerAddress: localhost:56066}, networkConnectionEnabled: false, pageLoadStrategy: normal, platformName: windows, proxy: Proxy(), se:cdp: ws://localhost:56066/devtoo..., se:cdpVersion: 124.0.6367.119, setWindowRect: true, strictFileInteractability: false, timeouts: {implicit: 0, pageLoad: 300000, script: 30000}, unhandledPromptBehavior: dismiss and notify, webauthn:extension:credBlob: true, webauthn:extension:largeBlob: true, webauthn:extension:minPinLength: true, webauthn:extension:prf: true, webauthn:virtualAuthenticators: true}
Element: [[ChromeDriver: chrome on windows (782ec5c14916c3a33f06cf950d77f4d2)] -&gt; xpath: //*[text()=&apos;GO&apos;]//parent::button]
Session ID: 782ec5c14916c3a33f06cf950d77f4d2
	at org.openqa.selenium.remote.codec.w3c.W3CHttpResponseCodec.createException(W3CHttpResponseCodec.java:200)
	at org.openqa.selenium.remote.codec.w3c.W3CHttpResponseCodec.decode(W3CHttpResponseCodec.java:133)
	at org.openqa.selenium.remote.codec.w3c.W3CHttpResponseCodec.decode(W3CHttpResponseCodec.java:52)
	at org.openqa.selenium.remote.HttpCommandExecutor.execute(HttpCommandExecutor.java:191)
	at org.openqa.selenium.remote.service.DriverCommandExecutor.invokeExecute(DriverCommandExecutor.java:196)
	at org.openqa.selenium.remote.service.DriverCommandExecutor.execute(DriverCommandExecutor.java:171)
	at org.openqa.selenium.remote.RemoteWebDriver.execute(RemoteWebDriver.java:602)
	at org.openqa.selenium.remote.RemoteWebElement.execute(RemoteWebElement.java:224)
	at org.openqa.selenium.remote.RemoteWebElement.click(RemoteWebElement.java:77)
	at org.openqa.selenium.support.pagefactory.internal.LocatingElementHandler.invoke(LocatingElementHandler.java:51)
	at com.sun.proxy.$Proxy31.click(Unknown Source)
	at com.responsiveed.pages.CommonElements.clickGobutton(CommonElements.java:68)
	at com.responsiveed.stepdefination.CommonSetpdef.click_on_GO_button(CommonSetpdef.java:52)
	at ✽.Click on GO button(file:///E:/ResponcesiveED_Space/AutomationResponsiveED07/src/test/resources/features/Institute.feature:49)
... Removed 7 stack frames
</div> <!-- stack-trace -->
                  <em>
(Runs Cucumber Scenarios)                  </em>
                </div> <!-- method-content -->
              </div> <!-- method -->
            </div> <!-- main-panel-content rounded-window-bottom -->
          </div> <!-- suite-ResponsiveED_LMS-SIS_enviroment-class-failed -->
          <div class="suite-ResponsiveED_LMS-SIS_enviroment-class-passed">
            <div class="main-panel-header rounded-window-top">
              <img src="passed.png"/>
              <span class="class-name">com.cucumber.TestRunner.InsistuteRunner</span>
            </div> <!-- main-panel-header rounded-window-top -->
            <div class="main-panel-content rounded-window-bottom">
              <div class="method">
                <div class="method-content">
                  <a name="runScenario(&quot;Verify the Filter Criteria in Institutions&quot;, &quot;Administrator - Institutions Management.&quot;)">
                  </a> <!-- runScenario("Verify the Filter Criteria in Institutions", "Administrator - Institutions Management.") -->
                  <span class="method-name">runScenario</span>
                  <span class="parameters">("Verify the Filter Criteria in Institutions", "Administrator - Institutions Management.")</span>
                  <em>
(Runs Cucumber Scenarios)                  </em>
                </div> <!-- method-content -->
              </div> <!-- method -->
            </div> <!-- main-panel-content rounded-window-bottom -->
          </div> <!-- suite-ResponsiveED_LMS-SIS_enviroment-class-passed -->
        </div> <!-- panel ResponsiveED_LMS-SIS_enviroment -->
        <div panel-name="test-xml-ResponsiveED_LMS-SIS_enviroment" class="panel">
          <div class="main-panel-header rounded-window-top">
            <span class="header-content">E:\ResponcesiveED_Space\AutomationResponsiveED07\testng.xml</span>
          </div> <!-- main-panel-header rounded-window-top -->
          <div class="main-panel-content rounded-window-bottom">
            <pre>
&lt;?xml version=&quot;1.0&quot; encoding=&quot;UTF-8&quot;?&gt;
&lt;!DOCTYPE suite SYSTEM &quot;http://testng.org/testng-1.0.dtd&quot;&gt;
&lt;suite name=&quot;ResponsiveED_LMS-SIS enviroment&quot; guice-stage=&quot;DEVELOPMENT&quot; verbose=&quot;0&quot;&gt;
  &lt;listeners&gt;
    &lt;listener class-name=&quot;com.cucumber.utility.ExtentListener&quot;/&gt;
  &lt;/listeners&gt;
  &lt;test name=&quot;Insistute&quot;&gt;
    &lt;parameter name=&quot;browser&quot; value=&quot;chrome&quot;/&gt;
    &lt;parameter name=&quot;common.appname&quot; value=&quot;ResponsiveED&quot;/&gt;
    &lt;classes&gt;
      &lt;class name=&quot;com.cucumber.TestRunner.InsistuteRunner&quot;/&gt;
    &lt;/classes&gt;
  &lt;/test&gt; &lt;!-- Insistute --&gt;
&lt;/suite&gt; &lt;!-- ResponsiveED_LMS-SIS enviroment --&gt;
            </pre>
          </div> <!-- main-panel-content rounded-window-bottom -->
        </div> <!-- panel -->
        <div panel-name="testlist-ResponsiveED_LMS-SIS_enviroment" class="panel">
          <div class="main-panel-header rounded-window-top">
            <span class="header-content">Tests for ResponsiveED_LMS-SIS enviroment</span>
          </div> <!-- main-panel-header rounded-window-top -->
          <div class="main-panel-content rounded-window-bottom">
            <ul>
              <li>
                <span class="test-name">Insistute (1 class)</span>
              </li>
            </ul>
          </div> <!-- main-panel-content rounded-window-bottom -->
        </div> <!-- panel -->
        <div panel-name="group-ResponsiveED_LMS-SIS_enviroment" class="panel">
          <div class="main-panel-header rounded-window-top">
            <span class="header-content">Groups for ResponsiveED_LMS-SIS enviroment</span>
          </div> <!-- main-panel-header rounded-window-top -->
          <div class="main-panel-content rounded-window-bottom">
            <div class="test-group">
              <span class="test-group-name">cucumber</span>
              <br/>
              <div class="method-in-group">
                <span class="method-in-group-name">runScenario</span>
                <br/>
              </div> <!-- method-in-group -->
            </div> <!-- test-group -->
          </div> <!-- main-panel-content rounded-window-bottom -->
        </div> <!-- panel -->
        <div panel-name="times-ResponsiveED_LMS-SIS_enviroment" class="panel">
          <div class="main-panel-header rounded-window-top">
            <span class="header-content">Times for ResponsiveED_LMS-SIS enviroment</span>
          </div> <!-- main-panel-header rounded-window-top -->
          <div class="main-panel-content rounded-window-bottom">
            <div class="times-div">
              <script type="text/javascript">
suiteTableInitFunctions.push('tableData_ResponsiveED_LMS-SIS_enviroment');
function tableData_ResponsiveED_LMS-SIS_enviroment() {
var data = new google.visualization.DataTable();
data.addColumn('number', 'Number');
data.addColumn('string', 'Method');
data.addColumn('string', 'Class');
data.addColumn('number', 'Time (ms)');
data.addRows(3);
data.setCell(0, 0, 0)
data.setCell(0, 1, 'runScenario')
data.setCell(0, 2, 'com.cucumber.TestRunner.InsistuteRunner')
data.setCell(0, 3, 41104);
data.setCell(1, 0, 1)
data.setCell(1, 1, 'runScenario')
data.setCell(1, 2, 'com.cucumber.TestRunner.InsistuteRunner')
data.setCell(1, 3, 16186);
data.setCell(2, 0, 2)
data.setCell(2, 1, 'runScenario')
data.setCell(2, 2, 'com.cucumber.TestRunner.InsistuteRunner')
data.setCell(2, 3, 13136);
window.suiteTableData['ResponsiveED_LMS-SIS_enviroment']= { tableData: data, tableDiv: 'times-div-ResponsiveED_LMS-SIS_enviroment'}
return data;
}
              </script>
              <span class="suite-total-time">Total running time: 1 minutes</span>
              <div id="times-div-ResponsiveED_LMS-SIS_enviroment">
              </div> <!-- times-div-ResponsiveED_LMS-SIS_enviroment -->
            </div> <!-- times-div -->
          </div> <!-- main-panel-content rounded-window-bottom -->
        </div> <!-- panel -->
        <div panel-name="reporter-ResponsiveED_LMS-SIS_enviroment" class="panel">
          <div class="main-panel-header rounded-window-top">
            <span class="header-content">Reporter output for ResponsiveED_LMS-SIS enviroment</span>
          </div> <!-- main-panel-header rounded-window-top -->
          <div class="main-panel-content rounded-window-bottom">
            <div class="reporter-method-div">
              <span class="reporter-method-name">runScenario("Verify the Filter Criteria in Institutions", "Administrator - Institutions Management.")</span>
              <div class="reporter-method-output-div">
                <span class="reporter-method-output">Completed executing following method : AbstractTestNGCucumberTests.runScenario</span>
                <span class="reporter-method-output">Test Method resides in com.cucumber.TestRunner.InsistuteRunner</span>
                <span class="reporter-method-output">Test Method had the following parameters : null"Verify the Filter Criteria in Institutions","Administrator - Institutions Management.",</span>
                <span class="reporter-method-output">Test Status: Pass</span>
              </div> <!-- reporter-method-output-div -->
            </div> <!-- reporter-method-div -->
            <div class="reporter-method-div">
              <span class="reporter-method-name">runScenario("Validate the insistute as InActive", "Administrator - Institutions Management.")</span>
              <div class="reporter-method-output-div">
                <span class="reporter-method-output">Completed executing following method : AbstractTestNGCucumberTests.runScenario</span>
              </div> <!-- reporter-method-output-div -->
            </div> <!-- reporter-method-div -->
            <div class="reporter-method-div">
              <span class="reporter-method-name">runScenario("Validate the insistute as InActive", "Administrator - Institutions Management.")</span>
              <div class="reporter-method-output-div">
                <span class="reporter-method-output">Completed executing following method : AbstractTestNGCucumberTests.runScenario</span>
              </div> <!-- reporter-method-output-div -->
            </div> <!-- reporter-method-div -->
          </div> <!-- main-panel-content rounded-window-bottom -->
        </div> <!-- panel -->
        <div panel-name="ignored-methods-ResponsiveED_LMS-SIS_enviroment" class="panel">
          <div class="main-panel-header rounded-window-top">
            <span class="header-content">0 ignored methods</span>
          </div> <!-- main-panel-header rounded-window-top -->
          <div class="main-panel-content rounded-window-bottom">
          </div> <!-- main-panel-content rounded-window-bottom -->
        </div> <!-- panel -->
        <div panel-name="chronological-ResponsiveED_LMS-SIS_enviroment" class="panel">
          <div class="main-panel-header rounded-window-top">
            <span class="header-content">Methods in chronological order</span>
          </div> <!-- main-panel-header rounded-window-top -->
          <div class="main-panel-content rounded-window-bottom">
            <div class="chronological-class">
              <div class="chronological-class-name">com.cucumber.TestRunner.InsistuteRunner</div> <!-- chronological-class-name -->
              <div class="configuration-class before">
                <span class="method-name">setUpClass(org.testng.TestRunner@69c51fdb)</span>
                <span class="method-start">0 ms</span>
              </div> <!-- configuration-class before -->
              <div class="configuration-class before">
                <span class="method-name">beforeclass(chrome, ResponsiveED)</span>
                <span class="method-start">670 ms</span>
              </div> <!-- configuration-class before -->
              <div class="test-method">
                <span class="method-name">runScenario("Verify the Filter Criteria in Institutions", "Administrator - Institutions Management.")</span>
                <span class="method-start">6518 ms</span>
              </div> <!-- test-method -->
              <div class="test-method">
                <img src="failed.png">
                </img>
                <span class="method-name">runScenario("Validate the insistute as InActive", "Administrator - Institutions Management.")</span>
                <span class="method-start">19655 ms</span>
              </div> <!-- test-method -->
              <div class="test-method">
                <img src="failed.png">
                </img>
                <span class="method-name">runScenario("Validate the insistute as InActive", "Administrator - Institutions Management.")</span>
                <span class="method-start">60765 ms</span>
              </div> <!-- test-method -->
              <div class="configuration-class after">
                <span class="method-name">testDownClass</span>
                <span class="method-start">76952 ms</span>
              </div> <!-- configuration-class after -->
              <div class="configuration-class after">
                <span class="method-name">tearDownClass</span>
                <span class="method-start">77592 ms</span>
              </div> <!-- configuration-class after -->
          </div> <!-- main-panel-content rounded-window-bottom -->
        </div> <!-- panel -->
      </div> <!-- main-panel-root -->
    </div> <!-- wrapper -->
  </body>
</html>
